<?xml version="1.0" encoding="utf-8"?><testsuites name="pytest tests"><testsuite name="pytest" errors="0" failures="0" skipped="0" tests="9" time="6.822" timestamp="2026-06-27T21:19:42.906201+00:00" hostname="agent-env-f76326bb-2ba4-4334-af1a-a299487b63bb"><testcase classname="backend.tests.test_tbpaving_api.TestEnquiriesPublic" name="test_create_enquiry_public_no_auth" time="0.301" /><testcase classname="backend.tests.test_tbpaving_api.TestEnquiriesPublic" name="test_create_enquiry_minimal_name_only" time="0.132" /><testcase classname="backend.tests.test_tbpaving_api.TestEnquiriesPublic" name="test_list_enquiries_requires_auth" time="0.141" /><testcase classname="backend.tests.test_tbpaving_api.TestEnquiriesAdmin" name="test_list_enquiries_with_auth_contains_created" time="0.528" /><testcase classname="backend.tests.test_tbpaving_api.TestEnquiriesAdmin" name="test_update_enquiry_status" time="0.237" /><testcase classname="backend.tests.test_tbpaving_api.TestPavingEstimate" name="test_paving_estimate_returns_gbp_text" time="2.501" /><testcase classname="backend.tests.test_tbpaving_api.TestPavingEstimate" name="test_paving_estimate_minimal" time="2.232" /><testcase classname="backend.tests.test_tbpaving_api.TestAdminAuth" name="test_admin_login_works" time="0.343" /><testcase classname="backend.tests.test_tbpaving_api.TestAdminAuth" name="test_admin_login_wrong_password" time="0.322" /></testsuite></testsuites>